0 info it worked if it ends with ok
1 verbose cli [ '/usr/local/bin/node', '/usr/local/bin/npm', 'start' ]
2 info using npm@4.1.2
3 info using node@v7.6.0
4 verbose run-script [ 'prestart', 'start', 'poststart' ]
5 info lifecycle node_server@1.0.0~prestart: node_server@1.0.0
6 silly lifecycle node_server@1.0.0~prestart: no script for prestart, continuing
7 info lifecycle node_server@1.0.0~start: node_server@1.0.0
8 verbose lifecycle node_server@1.0.0~start: unsafe-perm in lifecycle true
9 verbose lifecycle node_server@1.0.0~start: PATH: /usr/local/lib/node_modules/npm/bin/node-gyp-bin:/Users/zhangjiahao/Desktop/node_server/node_modules/.bin:/Users/zhangjiahao/.rvm/gems/ruby-2.0.0-p648/bin:/Users/zhangjiahao/.rvm/gems/ruby-2.0.0-p648@global/bin:/Users/zhangjiahao/.rvm/rubies/ruby-2.0.0-p648/bin:/opt/local/bin:/opt/local/sbin:/Library/Frameworks/Python.framework/Versions/3.5/bin:/usr/local/bin:/usr/bin:/bin:/usr/sbin:/sbin:/usr/local/aria2/bin:/Library/Frameworks/Mono.framework/Versions/Current/Commands:/usr/local/mysql/bin:/Users/zhangjiahao/nodejs/node_modules/hexo/bin:/Library/maven-3.3.3/bin/:/Users/zhangjiahao/.rvm/bin:/Users/zhangjiahao/.rvm/bin:/opt/metasploit-framework/bin
10 verbose lifecycle node_server@1.0.0~start: CWD: /Users/zhangjiahao/Desktop/node_server
11 silly lifecycle node_server@1.0.0~start: Args: [ '-c', 'node start.js' ]
12 silly lifecycle node_server@1.0.0~start: Returned: code: 1  signal: null
13 info lifecycle node_server@1.0.0~start: Failed to exec start script
14 verbose stack Error: node_server@1.0.0 start: `node start.js`
14 verbose stack Exit status 1
14 verbose stack     at EventEmitter.<anonymous> (/usr/local/lib/node_modules/npm/lib/utils/lifecycle.js:279:16)
14 verbose stack     at emitTwo (events.js:106:13)
14 verbose stack     at EventEmitter.emit (events.js:192:7)
14 verbose stack     at ChildProcess.<anonymous> (/usr/local/lib/node_modules/npm/lib/utils/spawn.js:40:14)
14 verbose stack     at emitTwo (events.js:106:13)
14 verbose stack     at ChildProcess.emit (events.js:192:7)
14 verbose stack     at maybeClose (internal/child_process.js:890:16)
14 verbose stack     at Process.ChildProcess._handle.onexit (internal/child_process.js:226:5)
15 verbose pkgid node_server@1.0.0
16 verbose cwd /Users/zhangjiahao/Desktop/node_server
17 error Darwin 16.4.0
18 error argv "/usr/local/bin/node" "/usr/local/bin/npm" "start"
19 error node v7.6.0
20 error npm  v4.1.2
21 error code ELIFECYCLE
22 error node_server@1.0.0 start: `node start.js`
22 error Exit status 1
23 error Failed at the node_server@1.0.0 start script 'node start.js'.
23 error Make sure you have the latest version of node.js and npm installed.
23 error If you do, this is most likely a problem with the node_server package,
23 error not with npm itself.
23 error Tell the author that this fails on your system:
23 error     node start.js
23 error You can get information on how to open an issue for this project with:
23 error     npm bugs node_server
23 error Or if that isn't available, you can get their info via:
23 error     npm owner ls node_server
23 error There is likely additional logging output above.
24 verbose exit [ 1, true ]
